    _                _                      
   / \   ___ ___ ___| | ___ _ __ __ _ _   _ 
  / _ \ / __/ __/ _ \ |/ _ \ '__/ _` | | | |
 / ___ \ (_| (_|  __/ |  __/ | | (_| | |_| |
/_/   \_\___\___\___|_|\___|_|  \__, |\__, |
                                |___/ |___/ 

Info: generating outputs according to the following specified output flags... 
 Please use the -f flag to update the preference (default to all output files) 
{'ERT': 1, 'ERT_summary': 1, 'ART': 1, 'ART_summary': 1, 'energy_estimation': 1, 'flattened_arch': 1}
Info: config file located: /home/workspace/.config/accelergy/accelergy_config.yaml 
config file content: 
 {'version': 0.3, 'compound_components': [], 'estimator_plug_ins': ['/usr/local/share/accelergy/estimation_plug_ins'], 'primitive_components': ['/usr/local/share/accelergy/primitive_component_libs'], 'table_plug_ins': {'roots': ['/usr/local/share/accelergy/estimation_plug_ins/accelergy-table-based-plug-ins/set_of_table_templates']}}
Warn: Cannot recognize the top key "mapper" in file mapper/mapper.yaml 
Warn: Cannot recognize the top key "architecture_constraints" in file constraints/scnn_arch_constraints.yaml 
Warn: Cannot recognize the top key "mapspace_constraints" in file constraints/scnn_map_constraints.yaml 
Warn: Cannot recognize the top key "problem" in file prob/prob.yaml 
Info: Parsing file arch/scnn.yaml for architecture info 
Info: Found non-numeric expression 45nm. Available bindings: {'technology': '45nm'} 
WARN: Failed to evaluate "45nm". Setting system.scnn.technology="45nm". Available bindings: {'technology': '45nm'}
Info: Found non-numeric expression adder_tree. Available bindings: {'memory_depth': 32, 'memory_width': 24, 'word-bits': 24, 'network_result': 'adder_tree', 'meshX': 8, 'technology': '45nm'} 
WARN: Failed to evaluate "adder_tree". Setting variables.network_result="adder_tree". Available bindings: {'name': 'accumulator_bank', 'class': 'storage', 'subclass': 'smartbuffer_SRAM', 'attributes': {'memory_depth': 32, 'memory_width': 24, 'word-bits': 24, 'network_result': 'adder_tree', 'meshX': 8, 'technology': '45nm'}}
Info: Found non-numeric expression accumulator_bank. Available bindings: {'datawidth': 16, 'network_result': 'accumulator_bank', 'meshX': 8, 'technology': '45nm'} 
WARN: Failed to evaluate "accumulator_bank". Setting variables.network_result="accumulator_bank". Available bindings: {'name': 'multiplier', 'class': 'compute', 'subclass': 'intmultiplier', 'attributes': {'datawidth': 16, 'network_result': 'accumulator_bank', 'meshX': 8, 'technology': '45nm'}}
Info: Found non-numeric expression LPDDR4. Available bindings: {'type': 'LPDDR4', 'width': 64, 'block-size': 4, 'word-bits': 16} 
WARN: Failed to evaluate "LPDDR4". Setting variables.type="LPDDR4". Available bindings: {'name': 'DRAM', 'class': 'DRAM', 'attributes': {'type': 'LPDDR4', 'width': 64, 'block-size': 4, 'word-bits': 16}}
Info: Parsing file arch/components/smartbuffer_RF.yaml for compound_components info 
Info: Parsing file arch/components/smartbuffer_SRAM.yaml for compound_components info 
Info: Parsing file arch/components/smartbuffer_metadata.yaml for compound_components info 
Info: primitive component file parsed:  /usr/local/share/accelergy/primitive_component_libs/primitive_component.lib.yaml 
Info: primitive component file parsed:  /usr/local/share/accelergy/primitive_component_libs/soc_primitives.lib.yaml 
Info: primitive component file parsed:  /usr/local/share/accelergy/primitive_component_libs/pim_primitive_component.lib.yaml 
Info: Found non-numeric expression 5ns. Available bindings: {'depth': 50, 'datawidth': 10, 'meshX': 8, 'technology': '45nm', 'latency': '5ns'} 
WARN: Failed to evaluate "5ns". Setting system.scnn.PE[0..63].weight_fifo.latency="5ns". Available bindings: {'depth': 50, 'datawidth': 10, 'meshX': 8, 'technology': '45nm', 'latency': '5ns'}
ERROR: class "ReductionTree" is not defined 
